Arguments: 
  /usr/local/bin/node /usr/local/bin/yarn add @openzeppelin/contracts

PATH: 
  /Users/tusharojha/Library/Android/sdk/platform-tools:/Users/tusharojha/.local/share/solana/install/active_release/bin:/Users/tusharojha/documents/SDKs/flutter/bin:/Library/Frameworks/Python.framework/Versions/3.11/bin:/usr/local/bin:/System/Cryptexes/App/usr/bin:/usr/bin:/bin:/usr/sbin:/sbin:/usr/local/go/bin:/Library/Apple/usr/bin:/Users/tusharojha/Library/Android/sdk/platform-tools:/Users/tusharojha/.local/share/solana/install/active_release/bin:/Users/tusharojha/documents/SDKs/flutter/bin:/Library/Frameworks/Python.framework/Versions/3.11/bin:/Users/tusharojha/.cargo/bin:/opt/homebrew/bin:/Users/tusharojha/.pub-cache/bin:/opt/homebrew/bin:/Library/Frameworks/Python.framework/Versions/3.11/bin:/usr/local/bin:/System/Cryptexes/App/usr/bin:/usr/bin:/bin:/usr/sbin:/sbin:/usr/local/go/bin:/Library/Apple/usr/bin:/Users/tusharojha/Library/Android/sdk/platform-tools:/Users/tusharojha/.local/share/solana/install/active_release/bin:/Users/tusharojha/documents/SDKs/flutter/bin:/Library/Frameworks/Python.framework/Versions/3.11/bin:/Users/tusharojha/.cargo/bin:/opt/homebrew/bin:/Users/tusharojha/.pub-cache/bin:/Users/tusharojha/.pub-cache/bin

Yarn version: 
  1.22.17

Node version: 
  18.9.0

Platform: 
  darwin arm64

Trace: 
  Error: getaddrinfo ENOTFOUND registry.yarnpkg.com
      at GetAddrInfoReqWrap.onlookup [as oncomplete] (node:dns:111:26)

npm manifest: 
  {
    "name": "hardhat-project",
    "devDependencies": {
      "@nomiclabs/hardhat-ethers": "^2.2.3",
      "@nomiclabs/hardhat-etherscan": "^2.1.8",
      "@nomiclabs/hardhat-waffle": "^2.0.6",
      "@typechain/ethers-v5": "^7.2.0",
      "@typechain/hardhat": "^2.3.1",
      "@types/chai": "^4.3.9",
      "@types/mocha": "^9.1.1",
      "@types/node": "^12.20.55",
      "@typescript-eslint/eslint-plugin": "^4.33.0",
      "@typescript-eslint/parser": "^4.33.0",
      "chai": "^4.3.10",
      "dotenv": "^10.0.0",
      "eslint": "^7.32.0",
      "eslint-config-prettier": "^8.10.0",
      "eslint-config-standard": "^16.0.3",
      "eslint-plugin-import": "^2.28.1",
      "eslint-plugin-node": "^11.1.0",
      "eslint-plugin-prettier": "^3.4.1",
      "eslint-plugin-promise": "^5.2.0",
      "ethereum-waffle": "^3.4.4",
      "ethers": "^5.7.2",
      "hardhat": "^2.18.2",
      "hardhat-gas-reporter": "^1.0.9",
      "prettier": "^2.8.8",
      "prettier-plugin-solidity": "^1.1.3",
      "solhint": "^3.6.2",
      "solidity-coverage": "^0.7.22",
      "ts-node": "^10.9.1",
      "typechain": "^5.2.0",
      "typescript": "^4.9.5"
    }
  }

yarn manifest: 
  No manifest

Lockfile: 
  No lockfile
